<?xml version="1.0" encoding="UTF-8"?>
<testng-results skipped="0" failed="0" ignored="0" total="1" passed="1">
  <reporter-output>
    <line>
      <![CDATA[Inside setupsuite]]>
    </line>
    <line>
      <![CDATA[setupsuite completed]]>
    </line>
    <line>
      <![CDATA[Landing page for Trello.com is displayed]]>
    </line>
    <line>
      <![CDATA[Clicked successfully on login tab]]>
    </line>
    <line>
      <![CDATA[Login page for Trello.com is displayed]]>
    </line>
    <line>
      <![CDATA[Board page for Trello.com is displayed]]>
    </line>
  </reporter-output>
  <suite name="Suite" duration-ms="41243" started-at="2019-09-05T06:40:26Z" finished-at="2019-09-05T06:41:07Z">
    <groups>
    </groups>
    <test name="Test" duration-ms="41243" started-at="2019-09-05T06:40:26Z" finished-at="2019-09-05T06:41:07Z">
      <class name="com.hackathon.testcases.TrelloTestCases">
        <test-method status="PASS" signature="setupSuite()[pri:0, instance:com.hackathon.testcases.TrelloTestCases@72d818d1]" name="setupSuite" is-config="true" duration-ms="1007" started-at="2019-09-05T06:40:25Z" finished-at="2019-09-05T06:40:26Z">
          <reporter-output>
            <line>
              <![CDATA[Inside setupsuite]]>
            </line>
            <line>
              <![CDATA[setupsuite completed]]>
            </line>
          </reporter-output>
        </test-method> <!-- setupSuite -->
        <test-method status="PASS" signature="setup()[pri:0, instance:com.hackathon.testcases.TrelloTestCases@72d818d1]" name="setup" is-config="true" duration-ms="17034" started-at="2019-09-05T06:40:26Z" finished-at="2019-09-05T06:40:43Z">
          <reporter-output>
          </reporter-output>
        </test-method> <!-- setup -->
        <test-method status="PASS" signature="loginValidation()[pri:0, instance:com.hackathon.testcases.TrelloTestCases@72d818d1]" name="loginValidation" duration-ms="21425" started-at="2019-09-05T06:40:43Z" finished-at="2019-09-05T06:41:05Z">
          <reporter-output>
            <line>
              <![CDATA[Landing page for Trello.com is displayed]]>
            </line>
            <line>
              <![CDATA[Clicked successfully on login tab]]>
            </line>
            <line>
              <![CDATA[Login page for Trello.com is displayed]]>
            </line>
            <line>
              <![CDATA[Board page for Trello.com is displayed]]>
            </line>
          </reporter-output>
        </test-method> <!-- loginValidation -->
        <test-method status="PASS" signature="teardownMethod(org.testng.ITestResult)[pri:0, instance:com.hackathon.testcases.TrelloTestCases@72d818d1]" name="teardownMethod" is-config="true" duration-ms="1183" started-at="2019-09-05T06:41:05Z" finished-at="2019-09-05T06:41:06Z">
          <params>
            <param index="0">
              <value>
                <![CDATA[[TestResult name=loginValidation status=SUCCESS method=TrelloTestCases.loginValidation()[pri:0, instance:com.hackathon.testcases.TrelloTestCases@72d818d1] output=Landing page for Trello.com is displayed]]]>
              </value>
            </param>
          </params>
          <reporter-output>
          </reporter-output>
        </test-method> <!-- teardownMethod -->
        <test-method status="PASS" signature="teardown()[pri:0, instance:com.hackathon.testcases.TrelloTestCases@72d818d1]" name="teardown" is-config="true" duration-ms="1582" started-at="2019-09-05T06:41:06Z" finished-at="2019-09-05T06:41:07Z">
          <reporter-output>
          </reporter-output>
        </test-method> <!-- teardown -->
      </class> <!-- com.hackathon.testcases.TrelloTestCases -->
    </test> <!-- Test -->
  </suite> <!-- Suite -->
</testng-results>
